Build started 2019/11/14 17:18:54.
     1>Project "E:\phongtv6\CPP\Struc2_phanso\Project1\Project1.vcxproj" on node 2 (Rebuild target(s)).
     1>_PrepareForClean:
         Deleting file "Release\HW.lastbuildstate".
       InitializeBuildStatus:
         Creating "Release\HW.unsuccessfulbuild" because "AlwaysCreate" was specified.
       ClCompile:
         C:\Program Files (x86)\Microsoft Visual Studio 11.0\VC\bin\CL.exe /c /Zi /nologo /W3 /WX- /O2 /Oi /Oy- /GL /D _MBCS /Gm- /EHsc /MD /GS /Gy /fp:precise /Zc:wchar_t /Zc:forScope /Fo"Release\\" /Fd"Release\vc110.pdb" /Gd /TP /analyze- /errorReport:prompt Source.cpp
         Source.cpp
     1>Source.cpp(100): warning C4018: '<' : signed/unsigned mismatch
       Link:
         C:\Program Files (x86)\Microsoft Visual Studio 11.0\VC\bin\link.exe /ERRORREPORT:PROMPT /OUT:"E:\phongtv6\CPP\Struc2_phanso\Release\HW.exe" /NOLOGO kernel32.lib user32.lib gdi32.lib winspool.lib comdlg32.lib advapi32.lib shell32.lib ole32.lib oleaut32.lib uuid.lib odbc32.lib odbccp32.lib /MANIFEST /MANIFESTUAC:"level='asInvoker' uiAccess='false'" /manifest:embed /DEBUG /PDB:"E:\phongtv6\CPP\Struc2_phanso\Release\HW.pdb" /OPT:REF /OPT:ICF /LTCG /TLBID:1 /DYNAMICBASE /NXCOMPAT /IMPLIB:"E:\phongtv6\CPP\Struc2_phanso\Release\HW.lib" /MACHINE:X86 /SAFESEH Release\Source.obj
         Generating code
     1>e:\phongtv6\cpp\struc2_phanso\project1\source.cpp(71): warning C4715: 'TienDien_SuDung' : not all control paths return a value
         Finished generating code
         Project1.vcxproj -> E:\phongtv6\CPP\Struc2_phanso\Release\HW.exe
       FinalizeBuildStatus:
         Deleting file "Release\HW.unsuccessfulbuild".
         Touching "Release\HW.lastbuildstate".
     1>Done Building Project "E:\phongtv6\CPP\Struc2_phanso\Project1\Project1.vcxproj" (Rebuild target(s)).

Build succeeded.

Time Elapsed 00:00:02.58
