E:\PHONGTV6\CPP\STRUC2_PHANSO\CLASS_GET_SET\DEBUG\SOURCE.OBJ
E:\PHONGTV6\CPP\STRUC2_PHANSO\CLASS_GET_SET\DEBUG\VC110.PDB
E:\PHONGTV6\CPP\STRUC2_PHANSO\DEBUG\CLASS_GET_SET.ILK
E:\PHONGTV6\CPP\STRUC2_PHANSO\DEBUG\CLASS_GET_SET.EXE
E:\PHONGTV6\CPP\STRUC2_PHANSO\DEBUG\CLASS_GET_SET.PDB
E:\phongtv6\CPP\Struc2_phanso\Class_Get_Set\Debug\Source.obj
E:\phongtv6\CPP\Struc2_phanso\Class_Get_Set\Debug\CL.read.1.tlog
E:\phongtv6\CPP\Struc2_phanso\Class_Get_Set\Debug\CL.write.1.tlog
E:\phongtv6\CPP\Struc2_phanso\Class_Get_Set\Debug\cl.command.1.tlog
E:\phongtv6\CPP\Struc2_phanso\Class_Get_Set\Debug\link-rc.read.1.tlog
E:\phongtv6\CPP\Struc2_phanso\Class_Get_Set\Debug\link-rc.write.1.tlog
E:\phongtv6\CPP\Struc2_phanso\Class_Get_Set\Debug\link-cvtres.read.1.tlog
E:\phongtv6\CPP\Struc2_phanso\Class_Get_Set\Debug\link-cvtres.write.1.tlog
E:\phongtv6\CPP\Struc2_phanso\Class_Get_Set\Debug\link.read.1.tlog
E:\phongtv6\CPP\Struc2_phanso\Class_Get_Set\Debug\link.write.1.tlog
E:\phongtv6\CPP\Struc2_phanso\Class_Get_Set\Debug\link.command.1.tlog
E:\phongtv6\CPP\Struc2_phanso\Class_Get_Set\Debug\vc110.idb
E:\phongtv6\CPP\Struc2_phanso\Class_Get_Set\Debug\vc110.pdb
E:\phongtv6\CPP\Struc2_phanso\Debug\Class_Get_Set.pdb
E:\phongtv6\CPP\Struc2_phanso\Debug\Class_Get_Set.exe
E:\phongtv6\CPP\Struc2_phanso\Debug\Class_Get_Set.ilk
