C:\USERS\TRANP\ONEDRIVE\MáY TíNH\CPP\CPP\DAILOG\DAILOG4\DAILOG_LOGIN\RELEASE\DAILOG_LOGIN.PCH
C:\USERS\TRANP\ONEDRIVE\MáY TíNH\CPP\CPP\DAILOG\DAILOG4\DAILOG_LOGIN\RELEASE\STDAFX.OBJ
C:\USERS\TRANP\ONEDRIVE\MÁY TÍNH\CPP\CPP\DAILOG\DAILOG4\DAILOG_LOGIN\RELEASE\VC110.PDB
C:\USERS\TRANP\ONEDRIVE\MáY TíNH\CPP\CPP\DAILOG\DAILOG4\DAILOG_LOGIN\RELEASE\DAILOG_LOGINDLG.OBJ
C:\USERS\TRANP\ONEDRIVE\MáY TíNH\CPP\CPP\DAILOG\DAILOG4\DAILOG_LOGIN\RELEASE\DAILOG_LOGIN.OBJ
C:\USERS\TRANP\ONEDRIVE\MáY TíNH\CPP\CPP\DAILOG\DAILOG4\RELEASE\DAILOG_LOGIN.EXE
C:\USERS\TRANP\ONEDRIVE\MÁY TÍNH\CPP\CPP\DAILOG\DAILOG4\RELEASE\DAILOG_LOGIN.PDB
C:\USERS\TRANP\ONEDRIVE\MáY TíNH\CPP\CPP\DAILOG\DAILOG4\DAILOG_LOGIN\RELEASE\DAILOG_LOGIN.RES
C:\Users\tranp\OneDrive\Máy tính\CPP\CPP\dailog\dailog4\dailog_login\Release\dailog_login.obj
C:\Users\tranp\OneDrive\Máy tính\CPP\CPP\dailog\dailog4\dailog_login\Release\dailog_loginDlg.obj
C:\Users\tranp\OneDrive\Máy tính\CPP\CPP\dailog\dailog4\dailog_login\Release\stdafx.obj
C:\Users\tranp\OneDrive\Máy tính\CPP\CPP\dailog\dailog4\dailog_login\Release\cl.command.1.tlog
C:\Users\tranp\OneDrive\Máy tính\CPP\CPP\dailog\dailog4\dailog_login\Release\CL.read.1.tlog
C:\Users\tranp\OneDrive\Máy tính\CPP\CPP\dailog\dailog4\dailog_login\Release\CL.write.1.tlog
C:\Users\tranp\OneDrive\Máy tính\CPP\CPP\dailog\dailog4\dailog_login\Release\link-cvtres.read.1.tlog
C:\Users\tranp\OneDrive\Máy tính\CPP\CPP\dailog\dailog4\dailog_login\Release\link-cvtres.write.1.tlog
C:\Users\tranp\OneDrive\Máy tính\CPP\CPP\dailog\dailog4\dailog_login\Release\link-mt.read.1.tlog
C:\Users\tranp\OneDrive\Máy tính\CPP\CPP\dailog\dailog4\dailog_login\Release\link-mt.write.1.tlog
C:\Users\tranp\OneDrive\Máy tính\CPP\CPP\dailog\dailog4\dailog_login\Release\link-rc.read.1.tlog
C:\Users\tranp\OneDrive\Máy tính\CPP\CPP\dailog\dailog4\dailog_login\Release\link-rc.write.1.tlog
C:\Users\tranp\OneDrive\Máy tính\CPP\CPP\dailog\dailog4\dailog_login\Release\link.command.1.tlog
C:\Users\tranp\OneDrive\Máy tính\CPP\CPP\dailog\dailog4\dailog_login\Release\link.read.1.tlog
C:\Users\tranp\OneDrive\Máy tính\CPP\CPP\dailog\dailog4\dailog_login\Release\link.write.1.tlog
C:\Users\tranp\OneDrive\Máy tính\CPP\CPP\dailog\dailog4\dailog_login\Release\rc.command.1.tlog
C:\Users\tranp\OneDrive\Máy tính\CPP\CPP\dailog\dailog4\dailog_login\Release\rc.read.1.tlog
C:\Users\tranp\OneDrive\Máy tính\CPP\CPP\dailog\dailog4\dailog_login\Release\rc.write.1.tlog
C:\Users\tranp\OneDrive\Máy tính\CPP\CPP\dailog\dailog4\dailog_login\Release\dailog_login.res
C:\Users\tranp\OneDrive\Máy tính\CPP\CPP\dailog\dailog4\dailog_login\Release\dailog_login.pch
C:\Users\tranp\OneDrive\Máy tính\CPP\CPP\dailog\dailog4\dailog_login\Release\vc110.pdb
C:\Users\tranp\OneDrive\Máy tính\CPP\CPP\dailog\dailog4\Release\dailog_login.pdb
C:\Users\tranp\OneDrive\Máy tính\CPP\CPP\dailog\dailog4\Release\dailog_login.exe
