Build started 2019/11/14 10:31:49.
     1>Project "E:\phongtv6\CPP\Struc2_phanso\Class_Get_Set\Class_Get_Set.vcxproj" on node 2 (Rebuild target(s)).
     1>_PrepareForClean:
         Deleting file "Release\Class_Get_Set.lastbuildstate".
       InitializeBuildStatus:
         Creating "Release\Class_Get_Set.unsuccessfulbuild" because "AlwaysCreate" was specified.
       ClCompile:
         C:\Program Files (x86)\Microsoft Visual Studio 11.0\VC\bin\CL.exe /c /Zi /nologo /W3 /WX- /O2 /Oi /Oy- /GL /D _MBCS /Gm- /EHsc /MD /GS /Gy /fp:precise /Zc:wchar_t /Zc:forScope /Fo"Release\\" /Fd"Release\vc110.pdb" /Gd /TP /analyze- /errorReport:prompt Source.cpp
         Source.cpp
       Link:
         C:\Program Files (x86)\Microsoft Visual Studio 11.0\VC\bin\link.exe /ERRORREPORT:PROMPT /OUT:"E:\phongtv6\CPP\Struc2_phanso\Release\Class_Get_Set.exe" /NOLOGO kernel32.lib user32.lib gdi32.lib winspool.lib comdlg32.lib advapi32.lib shell32.lib ole32.lib oleaut32.lib uuid.lib odbc32.lib odbccp32.lib /MANIFEST /MANIFESTUAC:"level='asInvoker' uiAccess='false'" /manifest:embed /DEBUG /PDB:"E:\phongtv6\CPP\Struc2_phanso\Release\Class_Get_Set.pdb" /OPT:REF /OPT:ICF /LTCG /TLBID:1 /DYNAMICBASE /NXCOMPAT /IMPLIB:"E:\phongtv6\CPP\Struc2_phanso\Release\Class_Get_Set.lib" /MACHINE:X86 /SAFESEH Release\Source.obj
         Generating code
         Finished generating code
         Class_Get_Set.vcxproj -> E:\phongtv6\CPP\Struc2_phanso\Release\Class_Get_Set.exe
       FinalizeBuildStatus:
         Deleting file "Release\Class_Get_Set.unsuccessfulbuild".
         Touching "Release\Class_Get_Set.lastbuildstate".
     1>Done Building Project "E:\phongtv6\CPP\Struc2_phanso\Class_Get_Set\Class_Get_Set.vcxproj" (Rebuild target(s)).

Build succeeded.

Time Elapsed 00:00:05.03
