E:\PHONGTV6\CPP\STRUC2_PHANSO\POINTER\DEBUG\POINTER.OBJ
E:\PHONGTV6\CPP\STRUC2_PHANSO\POINTER\DEBUG\VC110.PDB
E:\PHONGTV6\CPP\STRUC2_PHANSO\DEBUG\POINTER.ILK
E:\PHONGTV6\CPP\STRUC2_PHANSO\DEBUG\POINTER.EXE
E:\PHONGTV6\CPP\STRUC2_PHANSO\DEBUG\POINTER.PDB
E:\phongtv6\CPP\Struc2_phanso\pointer\Debug\pointer.obj
E:\phongtv6\CPP\Struc2_phanso\pointer\Debug\CL.read.1.tlog
E:\phongtv6\CPP\Struc2_phanso\pointer\Debug\CL.write.1.tlog
E:\phongtv6\CPP\Struc2_phanso\pointer\Debug\cl.command.1.tlog
E:\phongtv6\CPP\Struc2_phanso\pointer\Debug\link-rc.read.1.tlog
E:\phongtv6\CPP\Struc2_phanso\pointer\Debug\link-rc.write.1.tlog
E:\phongtv6\CPP\Struc2_phanso\pointer\Debug\link-cvtres.read.1.tlog
E:\phongtv6\CPP\Struc2_phanso\pointer\Debug\link-cvtres.write.1.tlog
E:\phongtv6\CPP\Struc2_phanso\pointer\Debug\link.read.1.tlog
E:\phongtv6\CPP\Struc2_phanso\pointer\Debug\link.write.1.tlog
E:\phongtv6\CPP\Struc2_phanso\pointer\Debug\link.command.1.tlog
E:\phongtv6\CPP\Struc2_phanso\pointer\Debug\vc110.idb
E:\phongtv6\CPP\Struc2_phanso\pointer\Debug\vc110.pdb
E:\phongtv6\CPP\Struc2_phanso\Debug\pointer.pdb
E:\phongtv6\CPP\Struc2_phanso\Debug\pointer.exe
E:\phongtv6\CPP\Struc2_phanso\Debug\pointer.ilk
