Build started 2019/12/02 15:04:03.
     1>Project "E:\phongtv6\CPP\Struc2_phanso\pointer\pointer.vcxproj" on node 2 (Rebuild target(s)).
     1>_PrepareForClean:
         Deleting file "Debug\pointer.lastbuildstate".
       InitializeBuildStatus:
         Creating "Debug\pointer.unsuccessfulbuild" because "AlwaysCreate" was specified.
       ClCompile:
         C:\Program Files (x86)\Microsoft Visual Studio 11.0\VC\bin\CL.exe /c /ZI /nologo /W3 /WX- /Od /Oy- /D WIN32 /D _DEBUG /D _CONSOLE /D _UNICODE /D UNICODE /Gm /EHsc /RTC1 /MDd /GS /fp:precise /Zc:wchar_t /Zc:forScope /Fo"Debug\\" /Fd"Debug\vc110.pdb" /Gd /TP /analyze- /errorReport:prompt pointer.cpp
         pointer.cpp
     1>e:\phongtv6\cpp\struc2_phanso\pointer\pointer.cpp(21): warning C4566: character represented by universal-character-name '\u1ECB' cannot be represented in the current code page (932)
     1>e:\phongtv6\cpp\struc2_phanso\pointer\pointer.cpp(22): warning C4566: character represented by universal-character-name '\u1ECB' cannot be represented in the current code page (932)
     1>e:\phongtv6\cpp\struc2_phanso\pointer\pointer.cpp(6): warning C4101: 'e' : unreferenced local variable
       Link:
         C:\Program Files (x86)\Microsoft Visual Studio 11.0\VC\bin\link.exe /ERRORREPORT:PROMPT /OUT:"E:\phongtv6\CPP\Struc2_phanso\Debug\pointer.exe" /INCREMENTAL /NOLOGO kernel32.lib user32.lib gdi32.lib winspool.lib comdlg32.lib advapi32.lib shell32.lib ole32.lib oleaut32.lib uuid.lib odbc32.lib odbccp32.lib /MANIFEST /MANIFESTUAC:"level='asInvoker' uiAccess='false'" /manifest:embed /DEBUG /PDB:"E:\phongtv6\CPP\Struc2_phanso\Debug\pointer.pdb" /SUBSYSTEM:CONSOLE /TLBID:1 /DYNAMICBASE /NXCOMPAT /IMPLIB:"E:\phongtv6\CPP\Struc2_phanso\Debug\pointer.lib" /MACHINE:X86 Debug\pointer.obj
         pointer.vcxproj -> E:\phongtv6\CPP\Struc2_phanso\Debug\pointer.exe
       FinalizeBuildStatus:
         Deleting file "Debug\pointer.unsuccessfulbuild".
         Touching "Debug\pointer.lastbuildstate".
     1>Done Building Project "E:\phongtv6\CPP\Struc2_phanso\pointer\pointer.vcxproj" (Rebuild target(s)).

Build succeeded.

Time Elapsed 00:00:03.26
