E:\PHONGTV6\CPP\STRUC2_PHANSO\CONSOLEAPPLICATION1\DEBUG\POINTER.OBJ
E:\PHONGTV6\CPP\STRUC2_PHANSO\CONSOLEAPPLICATION1\DEBUG\VC110.PDB
E:\PHONGTV6\CPP\STRUC2_PHANSO\DEBUG\CONSOLEAPPLICATION1.ILK
E:\PHONGTV6\CPP\STRUC2_PHANSO\DEBUG\CONSOLEAPPLICATION1.EXE
E:\PHONGTV6\CPP\STRUC2_PHANSO\DEBUG\CONSOLEAPPLICATION1.PDB
E:\phongtv6\CPP\Struc2_phanso\ConsoleApplication1\Debug\pointer.obj
E:\phongtv6\CPP\Struc2_phanso\ConsoleApplication1\Debug\CL.read.1.tlog
E:\phongtv6\CPP\Struc2_phanso\ConsoleApplication1\Debug\CL.write.1.tlog
E:\phongtv6\CPP\Struc2_phanso\ConsoleApplication1\Debug\cl.command.1.tlog
E:\phongtv6\CPP\Struc2_phanso\ConsoleApplication1\Debug\link-rc.read.1.tlog
E:\phongtv6\CPP\Struc2_phanso\ConsoleApplication1\Debug\link-rc.write.1.tlog
E:\phongtv6\CPP\Struc2_phanso\ConsoleApplication1\Debug\link-cvtres.read.1.tlog
E:\phongtv6\CPP\Struc2_phanso\ConsoleApplication1\Debug\link-cvtres.write.1.tlog
E:\phongtv6\CPP\Struc2_phanso\ConsoleApplication1\Debug\link.read.1.tlog
E:\phongtv6\CPP\Struc2_phanso\ConsoleApplication1\Debug\link.write.1.tlog
E:\phongtv6\CPP\Struc2_phanso\ConsoleApplication1\Debug\link.command.1.tlog
E:\phongtv6\CPP\Struc2_phanso\ConsoleApplication1\Debug\vc110.idb
E:\phongtv6\CPP\Struc2_phanso\ConsoleApplication1\Debug\vc110.pdb
E:\phongtv6\CPP\Struc2_phanso\Debug\ConsoleApplication1.pdb
E:\phongtv6\CPP\Struc2_phanso\Debug\ConsoleApplication1.exe
E:\phongtv6\CPP\Struc2_phanso\Debug\ConsoleApplication1.ilk
