E:\PHONGTV6\CPP\STRUC2_PHANSO\ENUM\DEBUG\SOURCE.OBJ
E:\PHONGTV6\CPP\STRUC2_PHANSO\ENUM\DEBUG\VC110.PDB
E:\PHONGTV6\CPP\STRUC2_PHANSO\DEBUG\ENUM.ILK
E:\PHONGTV6\CPP\STRUC2_PHANSO\DEBUG\ENUM.EXE
E:\PHONGTV6\CPP\STRUC2_PHANSO\DEBUG\ENUM.PDB
E:\phongtv6\CPP\Struc2_phanso\Enum\Debug\Source.obj
E:\phongtv6\CPP\Struc2_phanso\Enum\Debug\CL.read.1.tlog
E:\phongtv6\CPP\Struc2_phanso\Enum\Debug\CL.write.1.tlog
E:\phongtv6\CPP\Struc2_phanso\Enum\Debug\cl.command.1.tlog
E:\phongtv6\CPP\Struc2_phanso\Enum\Debug\link-rc.read.1.tlog
E:\phongtv6\CPP\Struc2_phanso\Enum\Debug\link-rc.write.1.tlog
E:\phongtv6\CPP\Struc2_phanso\Enum\Debug\link-cvtres.read.1.tlog
E:\phongtv6\CPP\Struc2_phanso\Enum\Debug\link-cvtres.write.1.tlog
E:\phongtv6\CPP\Struc2_phanso\Enum\Debug\link.read.1.tlog
E:\phongtv6\CPP\Struc2_phanso\Enum\Debug\link.write.1.tlog
E:\phongtv6\CPP\Struc2_phanso\Enum\Debug\link.command.1.tlog
E:\phongtv6\CPP\Struc2_phanso\Enum\Debug\vc110.idb
E:\phongtv6\CPP\Struc2_phanso\Enum\Debug\vc110.pdb
E:\phongtv6\CPP\Struc2_phanso\Debug\Enum.pdb
E:\phongtv6\CPP\Struc2_phanso\Debug\Enum.exe
E:\phongtv6\CPP\Struc2_phanso\Debug\Enum.ilk
