Build started 12/16/2019 10:08:28 PM.
     1>Project "C:\Users\tranp\OneDrive\Máy tính\CPP\CPP\dailog\dailog4\dailog4\dailog4.vcxproj" on node 2 (Rebuild target(s)).
     1>ClCompile:
         C:\Program Files (x86)\Microsoft Visual Studio 11.0\VC\bin\CL.exe /c /Zi /nologo /W3 /WX- /sdl /O2 /Oi /Oy- /GL /D WIN32 /D _WINDOWS /D NDEBUG /D _UNICODE /D UNICODE /D _AFXDLL /Gm- /EHsc /MD /GS /Gy /fp:precise /Zc:wchar_t /Zc:forScope /Yc"stdafx.h" /Fp"Release\dailog4.pch" /Fo"Release\\" /Fd"Release\vc110.pdb" /Gd /TP /analyze- /errorReport:prompt stdafx.cpp
         stdafx.cpp
         C:\Program Files (x86)\Microsoft Visual Studio 11.0\VC\bin\CL.exe /c /Zi /nologo /W3 /WX- /sdl /O2 /Oi /Oy- /GL /D WIN32 /D _WINDOWS /D NDEBUG /D _UNICODE /D UNICODE /D _AFXDLL /Gm- /EHsc /MD /GS /Gy /fp:precise /Zc:wchar_t /Zc:forScope /Yu"stdafx.h" /Fp"Release\dailog4.pch" /Fo"Release\\" /Fd"Release\vc110.pdb" /Gd /TP /analyze- /errorReport:prompt dailog4.cpp dailog4Dlg.cpp
         dailog4.cpp
         dailog4Dlg.cpp
       ResourceCompile:
         C:\Program Files (x86)\Windows Kits\8.0\bin\x86\rc.exe /D NDEBUG /D _UNICODE /D UNICODE /D _AFXDLL /l"0x0409" /IRelease\ /nologo /fo"Release\dailog4.res" dailog4.rc 
       Link:
         C:\Program Files (x86)\Microsoft Visual Studio 11.0\VC\bin\link.exe /ERRORREPORT:PROMPT /OUT:"C:\Users\tranp\OneDrive\Máy tính\CPP\CPP\dailog\dailog4\Release\dailog4.exe" /INCREMENTAL:NO /NOLOGO /MANIFEST /MANIFESTUAC:"level='asInvoker' uiAccess='false'" /manifest:embed /manifestinput:"C:\Program Files (x86)\Microsoft Visual Studio 11.0\VC\Include\Manifest\dpiaware.manifest" /DEBUG /PDB:"C:\Users\tranp\OneDrive\Máy tính\CPP\CPP\dailog\dailog4\Release\dailog4.pdb" /SUBSYSTEM:WINDOWS /OPT:REF /OPT:ICF /LTCG /TLBID:1 /ENTRY:"wWinMainCRTStartup" /DYNAMICBASE /NXCOMPAT /IMPLIB:"C:\Users\tranp\OneDrive\Máy tính\CPP\CPP\dailog\dailog4\Release\dailog4.lib" /MACHINE:X86 /SAFESEH Release\dailog4.res
         Release\dailog4.obj
         Release\dailog4Dlg.obj
         Release\stdafx.obj
         Generating code
         Finished generating code
         dailog4.vcxproj -> C:\Users\tranp\OneDrive\Máy tính\CPP\CPP\dailog\dailog4\Release\dailog4.exe
     1>Done Building Project "C:\Users\tranp\OneDrive\Máy tính\CPP\CPP\dailog\dailog4\dailog4\dailog4.vcxproj" (Rebuild target(s)).

Build succeeded.

Time Elapsed 00:00:09.71
