C:\BASEC\DAILOG4\DAILOG4\RELEASE\DAILOG4.PCH
C:\BASEC\DAILOG4\DAILOG4\RELEASE\STDAFX.OBJ
C:\BASEC\DAILOG4\DAILOG4\RELEASE\VC110.PDB
C:\BASEC\DAILOG4\DAILOG4\RELEASE\DAILOG4DLG.OBJ
C:\BASEC\DAILOG4\DAILOG4\RELEASE\DAILOG4.OBJ
C:\BASEC\DAILOG4\RELEASE\DAILOG4.EXE
C:\BASEC\DAILOG4\RELEASE\DAILOG4.PDB
C:\BASEC\DAILOG4\DAILOG4\RELEASE\DAILOG4.RES
C:\BaseC\dailog4\dailog4\Release\dailog4.obj
C:\BaseC\dailog4\dailog4\Release\dailog4Dlg.obj
C:\BaseC\dailog4\dailog4\Release\stdafx.obj
C:\BaseC\dailog4\dailog4\Release\cl.command.1.tlog
C:\BaseC\dailog4\dailog4\Release\CL.read.1.tlog
C:\BaseC\dailog4\dailog4\Release\CL.write.1.tlog
C:\BaseC\dailog4\dailog4\Release\link-cvtres.read.1.tlog
C:\BaseC\dailog4\dailog4\Release\link-cvtres.write.1.tlog
C:\BaseC\dailog4\dailog4\Release\link-mt.read.1.tlog
C:\BaseC\dailog4\dailog4\Release\link-mt.write.1.tlog
C:\BaseC\dailog4\dailog4\Release\link-rc.read.1.tlog
C:\BaseC\dailog4\dailog4\Release\link-rc.write.1.tlog
C:\BaseC\dailog4\dailog4\Release\link.command.1.tlog
C:\BaseC\dailog4\dailog4\Release\link.read.1.tlog
C:\BaseC\dailog4\dailog4\Release\link.write.1.tlog
C:\BaseC\dailog4\dailog4\Release\rc.command.1.tlog
C:\BaseC\dailog4\dailog4\Release\rc.read.1.tlog
C:\BaseC\dailog4\dailog4\Release\rc.write.1.tlog
C:\BaseC\dailog4\dailog4\Release\dailog4.res
C:\BaseC\dailog4\dailog4\Release\dailog4.pch
C:\BaseC\dailog4\dailog4\Release\vc110.pdb
C:\BaseC\dailog4\Release\dailog4.pdb
C:\BaseC\dailog4\Release\dailog4.exe
