E:\PHONGTV6\CPP\STRUC2_PHANSO\TINH_DAHINH\DEBUG\SOURCE.OBJ
E:\PHONGTV6\CPP\STRUC2_PHANSO\TINH_DAHINH\DEBUG\VC110.PDB
E:\PHONGTV6\CPP\STRUC2_PHANSO\DEBUG\TINH_DAHINH.ILK
E:\PHONGTV6\CPP\STRUC2_PHANSO\DEBUG\TINH_DAHINH.EXE
E:\PHONGTV6\CPP\STRUC2_PHANSO\DEBUG\TINH_DAHINH.PDB
E:\phongtv6\CPP\Struc2_phanso\Tinh_Dahinh\Debug\Source.obj
E:\phongtv6\CPP\Struc2_phanso\Tinh_Dahinh\Debug\CL.read.1.tlog
E:\phongtv6\CPP\Struc2_phanso\Tinh_Dahinh\Debug\CL.write.1.tlog
E:\phongtv6\CPP\Struc2_phanso\Tinh_Dahinh\Debug\cl.command.1.tlog
E:\phongtv6\CPP\Struc2_phanso\Tinh_Dahinh\Debug\link-rc.read.1.tlog
E:\phongtv6\CPP\Struc2_phanso\Tinh_Dahinh\Debug\link-rc.write.1.tlog
E:\phongtv6\CPP\Struc2_phanso\Tinh_Dahinh\Debug\link-cvtres.read.1.tlog
E:\phongtv6\CPP\Struc2_phanso\Tinh_Dahinh\Debug\link-cvtres.write.1.tlog
E:\phongtv6\CPP\Struc2_phanso\Tinh_Dahinh\Debug\link.read.1.tlog
E:\phongtv6\CPP\Struc2_phanso\Tinh_Dahinh\Debug\link.write.1.tlog
E:\phongtv6\CPP\Struc2_phanso\Tinh_Dahinh\Debug\link.command.1.tlog
E:\phongtv6\CPP\Struc2_phanso\Tinh_Dahinh\Debug\vc110.idb
E:\phongtv6\CPP\Struc2_phanso\Tinh_Dahinh\Debug\vc110.pdb
E:\phongtv6\CPP\Struc2_phanso\Debug\Tinh_Dahinh.pdb
E:\phongtv6\CPP\Struc2_phanso\Debug\Tinh_Dahinh.exe
E:\phongtv6\CPP\Struc2_phanso\Debug\Tinh_Dahinh.ilk
