Build started 2019/12/02 13:19:12.
     1>Project "E:\phongtv6\CPP\Struc2_phanso\Inputfile\Inputfile.vcxproj" on node 2 (Rebuild target(s)).
     1>_PrepareForClean:
         Deleting file "Debug\Inputfile.lastbuildstate".
       InitializeBuildStatus:
         Creating "Debug\Inputfile.unsuccessfulbuild" because "AlwaysCreate" was specified.
       ClCompile:
         C:\Program Files (x86)\Microsoft Visual Studio 11.0\VC\bin\CL.exe /c /ZI /nologo /W3 /WX- /Od /Oy- /D WIN32 /D _DEBUG /D _CONSOLE /D _UNICODE /D UNICODE /Gm /EHsc /RTC1 /MDd /GS /fp:precise /Zc:wchar_t /Zc:forScope /Fo"Debug\\" /Fd"Debug\vc110.pdb" /Gd /TP /analyze- /errorReport:prompt main_Inputfile.cpp
         main_Inputfile.cpp
     1>e:\phongtv6\cpp\struc2_phanso\inputfile\main_inputfile.cpp(83): warning C4018: '<' : signed/unsigned mismatch
     1>e:\phongtv6\cpp\struc2_phanso\inputfile\main_inputfile.cpp(88): warning C4018: '<' : signed/unsigned mismatch
     1>e:\phongtv6\cpp\struc2_phanso\inputfile\main_inputfile.cpp(103): warning C4996: 'stricmp': The POSIX name for this item is deprecated. Instead, use the ISO C++ conformant name: _stricmp. See online help for details.
                 c:\program files (x86)\microsoft visual studio 11.0\vc\include\string.h(249) : see declaration of 'stricmp'
     1>e:\phongtv6\cpp\struc2_phanso\inputfile\main_inputfile.cpp(107): warning C4018: '<' : signed/unsigned mismatch
     1>e:\phongtv6\cpp\struc2_phanso\inputfile\main_inputfile.cpp(143): warning C4018: '<' : signed/unsigned mismatch
     1>e:\phongtv6\cpp\struc2_phanso\inputfile\main_inputfile.cpp(154): warning C4018: '<' : signed/unsigned mismatch
       Link:
         C:\Program Files (x86)\Microsoft Visual Studio 11.0\VC\bin\link.exe /ERRORREPORT:PROMPT /OUT:"E:\phongtv6\CPP\Struc2_phanso\Debug\Inputfile.exe" /INCREMENTAL /NOLOGO kernel32.lib user32.lib gdi32.lib winspool.lib comdlg32.lib advapi32.lib shell32.lib ole32.lib oleaut32.lib uuid.lib odbc32.lib odbccp32.lib /MANIFEST /MANIFESTUAC:"level='asInvoker' uiAccess='false'" /manifest:embed /DEBUG /PDB:"E:\phongtv6\CPP\Struc2_phanso\Debug\Inputfile.pdb" /SUBSYSTEM:CONSOLE /TLBID:1 /DYNAMICBASE /NXCOMPAT /IMPLIB:"E:\phongtv6\CPP\Struc2_phanso\Debug\Inputfile.lib" /MACHINE:X86 Debug\main_Inputfile.obj
         Inputfile.vcxproj -> E:\phongtv6\CPP\Struc2_phanso\Debug\Inputfile.exe
       FinalizeBuildStatus:
         Deleting file "Debug\Inputfile.unsuccessfulbuild".
         Touching "Debug\Inputfile.lastbuildstate".
     1>Done Building Project "E:\phongtv6\CPP\Struc2_phanso\Inputfile\Inputfile.vcxproj" (Rebuild target(s)).

Build succeeded.

Time Elapsed 00:00:05.59
