E:\PHONGTV6\CPP\STRUC2_PHANSO\INPUTFILE\DEBUG\MAIN_INPUTFILE.OBJ
E:\PHONGTV6\CPP\STRUC2_PHANSO\INPUTFILE\DEBUG\VC110.PDB
E:\PHONGTV6\CPP\STRUC2_PHANSO\DEBUG\INPUTFILE.ILK
E:\PHONGTV6\CPP\STRUC2_PHANSO\DEBUG\INPUTFILE.EXE
E:\PHONGTV6\CPP\STRUC2_PHANSO\DEBUG\INPUTFILE.PDB
E:\phongtv6\CPP\Struc2_phanso\Inputfile\Debug\main_Inputfile.obj
E:\phongtv6\CPP\Struc2_phanso\Inputfile\Debug\CL.read.1.tlog
E:\phongtv6\CPP\Struc2_phanso\Inputfile\Debug\CL.write.1.tlog
E:\phongtv6\CPP\Struc2_phanso\Inputfile\Debug\cl.command.1.tlog
E:\phongtv6\CPP\Struc2_phanso\Inputfile\Debug\link-rc.read.1.tlog
E:\phongtv6\CPP\Struc2_phanso\Inputfile\Debug\link-rc.write.1.tlog
E:\phongtv6\CPP\Struc2_phanso\Inputfile\Debug\link-cvtres.read.1.tlog
E:\phongtv6\CPP\Struc2_phanso\Inputfile\Debug\link-cvtres.write.1.tlog
E:\phongtv6\CPP\Struc2_phanso\Inputfile\Debug\link.read.1.tlog
E:\phongtv6\CPP\Struc2_phanso\Inputfile\Debug\link.write.1.tlog
E:\phongtv6\CPP\Struc2_phanso\Inputfile\Debug\link.command.1.tlog
E:\phongtv6\CPP\Struc2_phanso\Inputfile\Debug\vc110.idb
E:\phongtv6\CPP\Struc2_phanso\Inputfile\Debug\vc110.pdb
E:\phongtv6\CPP\Struc2_phanso\Debug\Inputfile.pdb
E:\phongtv6\CPP\Struc2_phanso\Debug\Inputfile.exe
E:\phongtv6\CPP\Struc2_phanso\Debug\Inputfile.ilk
