E:\PHONGTV6\CPP\STRUC2_PHANSO\HW2\DEBUG\MAIN_DOCSO.OBJ
E:\PHONGTV6\CPP\STRUC2_PHANSO\HW2\DEBUG\VC110.PDB
E:\PHONGTV6\CPP\STRUC2_PHANSO\DEBUG\HW2.ILK
E:\PHONGTV6\CPP\STRUC2_PHANSO\DEBUG\HW2.EXE
E:\PHONGTV6\CPP\STRUC2_PHANSO\DEBUG\HW2.PDB
E:\phongtv6\CPP\Struc2_phanso\HW2\Debug\main_DocSo.obj
E:\phongtv6\CPP\Struc2_phanso\HW2\Debug\CL.read.1.tlog
E:\phongtv6\CPP\Struc2_phanso\HW2\Debug\CL.write.1.tlog
E:\phongtv6\CPP\Struc2_phanso\HW2\Debug\cl.command.1.tlog
E:\phongtv6\CPP\Struc2_phanso\HW2\Debug\link-rc.read.1.tlog
E:\phongtv6\CPP\Struc2_phanso\HW2\Debug\link-rc.write.1.tlog
E:\phongtv6\CPP\Struc2_phanso\HW2\Debug\link-cvtres.read.1.tlog
E:\phongtv6\CPP\Struc2_phanso\HW2\Debug\link-cvtres.write.1.tlog
E:\phongtv6\CPP\Struc2_phanso\HW2\Debug\link.read.1.tlog
E:\phongtv6\CPP\Struc2_phanso\HW2\Debug\link.write.1.tlog
E:\phongtv6\CPP\Struc2_phanso\HW2\Debug\link.command.1.tlog
E:\phongtv6\CPP\Struc2_phanso\HW2\Debug\vc110.idb
E:\phongtv6\CPP\Struc2_phanso\HW2\Debug\vc110.pdb
E:\phongtv6\CPP\Struc2_phanso\Debug\HW2.pdb
E:\phongtv6\CPP\Struc2_phanso\Debug\HW2.exe
E:\phongtv6\CPP\Struc2_phanso\Debug\HW2.ilk
