E:\PHONGTV6\CPP\STRUC2_PHANSO\CLASS\DEBUG\MAIN_FRI_CLASS.OBJ
E:\PHONGTV6\CPP\STRUC2_PHANSO\CLASS\DEBUG\VC110.PDB
E:\PHONGTV6\CPP\STRUC2_PHANSO\DEBUG\CLASS.ILK
E:\PHONGTV6\CPP\STRUC2_PHANSO\DEBUG\CLASS.EXE
E:\PHONGTV6\CPP\STRUC2_PHANSO\DEBUG\CLASS.PDB
E:\phongtv6\CPP\Struc2_phanso\Class\Debug\CL.read.1.tlog
E:\phongtv6\CPP\Struc2_phanso\Class\Debug\CL.write.1.tlog
E:\phongtv6\CPP\Struc2_phanso\Class\Debug\cl.command.1.tlog
E:\phongtv6\CPP\Struc2_phanso\Class\Debug\link-rc.read.1.tlog
E:\phongtv6\CPP\Struc2_phanso\Class\Debug\link-rc.write.1.tlog
E:\phongtv6\CPP\Struc2_phanso\Class\Debug\link-cvtres.read.1.tlog
E:\phongtv6\CPP\Struc2_phanso\Class\Debug\link-cvtres.write.1.tlog
E:\phongtv6\CPP\Struc2_phanso\Class\Debug\link.read.1.tlog
E:\phongtv6\CPP\Struc2_phanso\Class\Debug\link.write.1.tlog
E:\phongtv6\CPP\Struc2_phanso\Class\Debug\link.command.1.tlog
E:\phongtv6\CPP\Struc2_phanso\Class\Debug\vc110.idb
E:\phongtv6\CPP\Struc2_phanso\Class\Debug\vc110.pdb
E:\phongtv6\CPP\Struc2_phanso\Debug\Class.pdb
E:\phongtv6\CPP\Struc2_phanso\Debug\Class.exe
E:\phongtv6\CPP\Struc2_phanso\Debug\Class.ilk
