E:\PHONGTV6\CPP\STRUC2_PHANSO\PROJECT1\DEBUG\MAIN_DOCSO.OBJ
E:\PHONGTV6\CPP\STRUC2_PHANSO\PROJECT1\DEBUG\TIENDIEN.OBJ
E:\PHONGTV6\CPP\STRUC2_PHANSO\PROJECT1\DEBUG\VC110.PDB
E:\PHONGTV6\CPP\STRUC2_PHANSO\DEBUG\HW.ILK
E:\PHONGTV6\CPP\STRUC2_PHANSO\DEBUG\HW.EXE
E:\PHONGTV6\CPP\STRUC2_PHANSO\DEBUG\HW.PDB
E:\phongtv6\CPP\Struc2_phanso\Project1\Debug\main_DocSo.obj
E:\phongtv6\CPP\Struc2_phanso\Project1\Debug\TienDien.obj
E:\phongtv6\CPP\Struc2_phanso\Project1\Debug\CL.read.1.tlog
E:\phongtv6\CPP\Struc2_phanso\Project1\Debug\CL.write.1.tlog
E:\phongtv6\CPP\Struc2_phanso\Project1\Debug\cl.command.1.tlog
E:\phongtv6\CPP\Struc2_phanso\Project1\Debug\link-rc.read.1.tlog
E:\phongtv6\CPP\Struc2_phanso\Project1\Debug\link-rc.write.1.tlog
E:\phongtv6\CPP\Struc2_phanso\Project1\Debug\link-cvtres.read.1.tlog
E:\phongtv6\CPP\Struc2_phanso\Project1\Debug\link-cvtres.write.1.tlog
E:\phongtv6\CPP\Struc2_phanso\Project1\Debug\link.read.1.tlog
E:\phongtv6\CPP\Struc2_phanso\Project1\Debug\link.write.1.tlog
E:\phongtv6\CPP\Struc2_phanso\Project1\Debug\link.command.1.tlog
E:\phongtv6\CPP\Struc2_phanso\Project1\Debug\vc110.idb
E:\phongtv6\CPP\Struc2_phanso\Project1\Debug\vc110.pdb
E:\phongtv6\CPP\Struc2_phanso\Debug\HW.pdb
E:\phongtv6\CPP\Struc2_phanso\Debug\HW.exe
E:\phongtv6\CPP\Struc2_phanso\Debug\HW.ilk
