Build started 2019/12/02 13:19:15.
     1>Project "E:\phongtv6\CPP\Struc2_phanso\Project1\Project1.vcxproj" on node 3 (Rebuild target(s)).
     1>_PrepareForClean:
         Deleting file "Debug\HW.lastbuildstate".
       InitializeBuildStatus:
         Creating "Debug\HW.unsuccessfulbuild" because "AlwaysCreate" was specified.
       ClCompile:
         C:\Program Files (x86)\Microsoft Visual Studio 11.0\VC\bin\CL.exe /c /ZI /nologo /W3 /WX- /Od /Oy- /D _MBCS /Gm /EHsc /RTC1 /MDd /GS /fp:precise /Zc:wchar_t /Zc:forScope /Fo"Debug\\" /Fd"Debug\vc110.pdb" /Gd /TP /analyze- /errorReport:prompt TienDien.cpp
         TienDien.cpp
     1>e:\phongtv6\cpp\struc2_phanso\project1\tiendien.cpp(46): warning C4244: 'argument' : conversion from 'double' to 'float', possible loss of data
     1>e:\phongtv6\cpp\struc2_phanso\project1\tiendien.cpp(53): warning C4018: '<' : signed/unsigned mismatch
     1>e:\phongtv6\cpp\struc2_phanso\project1\tiendien.cpp(62): warning C4018: '<' : signed/unsigned mismatch
     1>e:\phongtv6\cpp\struc2_phanso\project1\tiendien.cpp(74): warning C4018: '<' : signed/unsigned mismatch
     1>e:\phongtv6\cpp\struc2_phanso\project1\tiendien.cpp(87): warning C4018: '<' : signed/unsigned mismatch
     1>e:\phongtv6\cpp\struc2_phanso\project1\tiendien.cpp(15): warning C4715: 'TienDien_SuDung' : not all control paths return a value
       Link:
         C:\Program Files (x86)\Microsoft Visual Studio 11.0\VC\bin\link.exe /ERRORREPORT:PROMPT /OUT:"E:\phongtv6\CPP\Struc2_phanso\Debug\HW.exe" /INCREMENTAL /NOLOGO kernel32.lib user32.lib gdi32.lib winspool.lib comdlg32.lib advapi32.lib shell32.lib ole32.lib oleaut32.lib uuid.lib odbc32.lib odbccp32.lib /MANIFEST /MANIFESTUAC:"level='asInvoker' uiAccess='false'" /manifest:embed /DEBUG /PDB:"E:\phongtv6\CPP\Struc2_phanso\Debug\HW.pdb" /TLBID:1 /DYNAMICBASE /NXCOMPAT /IMPLIB:"E:\phongtv6\CPP\Struc2_phanso\Debug\HW.lib" /MACHINE:X86 Debug\TienDien.obj
         Project1.vcxproj -> E:\phongtv6\CPP\Struc2_phanso\Debug\HW.exe
       FinalizeBuildStatus:
         Deleting file "Debug\HW.unsuccessfulbuild".
         Touching "Debug\HW.lastbuildstate".
     1>Done Building Project "E:\phongtv6\CPP\Struc2_phanso\Project1\Project1.vcxproj" (Rebuild target(s)).

Build succeeded.

Time Elapsed 00:00:04.30
