E:\PHONGTV6\CPP\STRUC2_PHANSO\HAM_FRIEND\DEBUG\HAMFRIEND.OBJ
E:\PHONGTV6\CPP\STRUC2_PHANSO\HAM_FRIEND\DEBUG\VC110.PDB
E:\PHONGTV6\CPP\STRUC2_PHANSO\DEBUG\HAM_FRIEND.ILK
E:\PHONGTV6\CPP\STRUC2_PHANSO\DEBUG\HAM_FRIEND.EXE
E:\PHONGTV6\CPP\STRUC2_PHANSO\DEBUG\HAM_FRIEND.PDB
E:\phongtv6\CPP\Struc2_phanso\Ham_Friend\Debug\hamFriend.obj
E:\phongtv6\CPP\Struc2_phanso\Ham_Friend\Debug\CL.read.1.tlog
E:\phongtv6\CPP\Struc2_phanso\Ham_Friend\Debug\CL.write.1.tlog
E:\phongtv6\CPP\Struc2_phanso\Ham_Friend\Debug\cl.command.1.tlog
E:\phongtv6\CPP\Struc2_phanso\Ham_Friend\Debug\link-rc.read.1.tlog
E:\phongtv6\CPP\Struc2_phanso\Ham_Friend\Debug\link-rc.write.1.tlog
E:\phongtv6\CPP\Struc2_phanso\Ham_Friend\Debug\link-cvtres.read.1.tlog
E:\phongtv6\CPP\Struc2_phanso\Ham_Friend\Debug\link-cvtres.write.1.tlog
E:\phongtv6\CPP\Struc2_phanso\Ham_Friend\Debug\link.read.1.tlog
E:\phongtv6\CPP\Struc2_phanso\Ham_Friend\Debug\link.write.1.tlog
E:\phongtv6\CPP\Struc2_phanso\Ham_Friend\Debug\link.command.1.tlog
E:\phongtv6\CPP\Struc2_phanso\Ham_Friend\Debug\vc110.idb
E:\phongtv6\CPP\Struc2_phanso\Ham_Friend\Debug\vc110.pdb
E:\phongtv6\CPP\Struc2_phanso\Debug\Ham_Friend.pdb
E:\phongtv6\CPP\Struc2_phanso\Debug\Ham_Friend.exe
E:\phongtv6\CPP\Struc2_phanso\Debug\Ham_Friend.ilk
